<?xml version="1.0" encoding="utf-8"?>
<coverage line-rate="0.0219" branch-rate="0.005699999999999999" version="1.9" timestamp="1758148673" lines-covered="42" lines-valid="1912" branches-covered="4" branches-valid="701">
  <sources>
    <source>/app/</source>
  </sources>
  <packages>
    <package name="Hagalaz.Configuration" line-rate="0" branch-rate="1" complexity="1">
      <classes>
        <class name="Hagalaz.Configuration.ProfileConstants" filename="Hagalaz.Configuration/ProfileConstants.cs" line-rate="0" branch-rate="1" complexity="1">
          <methods>
            <method name=".cctor" signature="()" line-rate="0" branch-rate="1" complexity="1">
              <lines>
                <line number="10" hits="0" branch="False" />
                <line number="11" hits="0" branch="False" />
                <line number="12" hits="0" branch="False" />
                <line number="13" hits="0" branch="False" />
                <line number="34" hits="0" branch="False" />
              </lines>
            </method>
          </methods>
          <lines>
            <line number="10" hits="0" branch="False" />
            <line number="11" hits="0" branch="False" />
            <line number="12" hits="0" branch="False" />
            <line number="13" hits="0" branch="False" />
            <line number="34" hits="0" branch="False" />
          </lines>
        </class>
      </classes>
    </package>
    <package name="Hagalaz.Game.Utilities" line-rate="0.0909" branch-rate="0" complexity="11">
      <classes>
        <class name="Hagalaz.Game.Utilities.CreatureHelper" filename="Hagalaz.Game.Utilities/CreatureHelper.cs" line-rate="0" branch-rate="0" complexity="7">
          <methods>
            <method name="CalculatePredictedDamage" signature="(System.Int32[])" line-rate="0" branch-rate="0" complexity="6">
              <lines>
                <line number="11" hits="0" branch="False" />
                <line number="12" hits="0" branch="False" />
                <line number="13" hits="0" branch="True" condition-coverage="0% (0/2)">
                  <conditions>
                    <condition number="54" type="jump" coverage="0%" />
                  </conditions>
                </line>
                <line number="14" hits="0" branch="False" />
                <line number="15" hits="0" branch="True" condition-coverage="0% (0/2)">
                  <conditions>
                    <condition number="14" type="jump" coverage="0%" />
                  </conditions>
                </line>
                <line number="16" hits="0" branch="False" />
                <line number="17" hits="0" branch="False" />
                <line number="20" hits="0" branch="True" condition-coverage="0% (0/2)">
                  <conditions>
                    <condition number="25" type="jump" coverage="0%" />
                  </conditions>
                </line>
                <line number="21" hits="0" branch="False" />
                <line number="22" hits="0" branch="False" />
                <line number="23" hits="0" branch="False" />
                <line number="25" hits="0" branch="False" />
                <line number="26" hits="0" branch="False" />
                <line number="27" hits="0" branch="False" />
                <line number="28" hits="0" branch="False" />
                <line number="30" hits="0" branch="False" />
                <line number="31" hits="0" branch="False" />
              </lines>
            </method>
            <method name="CalculateTicksForClientTicks" signature="(System.Int32)" line-rate="0" branch-rate="1" complexity="1">
              <lines>
                <line number="38" hits="0" branch="False" />
              </lines>
            </method>
          </methods>
          <lines>
            <line number="11" hits="0" branch="False" />
            <line number="12" hits="0" branch="False" />
            <line number="13" hits="0" branch="True" condition-coverage="0% (0/2)">
              <conditions>
                <condition number="54" type="jump" coverage="0%" />
              </conditions>
            </line>
            <line number="14" hits="0" branch="False" />
            <line number="15" hits="0" branch="True" condition-coverage="0% (0/2)">
              <conditions>
                <condition number="14" type="jump" coverage="0%" />
              </conditions>
            </line>
            <line number="16" hits="0" branch="False" />
            <line number="17" hits="0" branch="False" />
            <line number="20" hits="0" branch="True" condition-coverage="0% (0/2)">
              <conditions>
                <condition number="25" type="jump" coverage="0%" />
              </conditions>
            </line>
            <line number="21" hits="0" branch="False" />
            <line number="22" hits="0" branch="False" />
            <line number="23" hits="0" branch="False" />
            <line number="25" hits="0" branch="False" />
            <line number="26" hits="0" branch="False" />
            <line number="27" hits="0" branch="False" />
            <line number="28" hits="0" branch="False" />
            <line number="30" hits="0" branch="False" />
            <line number="31" hits="0" branch="False" />
            <line number="38" hits="0" branch="False" />
          </lines>
        </class>
        <class name="Hagalaz.Game.Utilities.GameObjectHelper" filename="Hagalaz.Game.Utilities/GameObjectHelper.cs" line-rate="0" branch-rate="1" complexity="1">
          <methods>
            <method name="GetRegionLocalHash" signature="(System.Int32,System.Int32,System.Int32,System.Int32)" line-rate="0" branch-rate="1" complexity="1">
              <lines>
                <line number="16" hits="0" branch="False" />
              </lines>
            </method>
          </methods>
          <lines>
            <line number="16" hits="0" branch="False" />
          </lines>
        </class>
        <class name="Hagalaz.Game.Utilities.LocationHelper" filename="Hagalaz.Game.Utilities/LocationHelper.cs" line-rate="0.6666" branch-rate="1" complexity="3">
          <methods>
            <method name="ConvertLocalToAbsolute" signature="(System.Int32,System.Int32,System.Int32)" line-rate="0" branch-rate="1" complexity="1">
              <lines>
                <line number="15" hits="0" branch="False" />
              </lines>
            </method>
            <method name="GetRegionLocalHash" signature="(System.Int32,System.Int32,System.Int32)" line-rate="1" branch-rate="1" complexity="1">
              <lines>
                <line number="23" hits="1" branch="False" />
              </lines>
            </method>
            <method name="GetRegionPartHash" signature="(System.Int32,System.Int32,System.Int32)" line-rate="1" branch-rate="1" complexity="1">
              <lines>
                <line number="31" hits="1" branch="False" />
              </lines>
            </method>
          </methods>
          <lines>
            <line number="15" hits="0" branch="False" />
            <line number="23" hits="1" branch="False" />
            <line number="31" hits="1" branch="False" />
          </lines>
        </class>
      </classes>
    </package>
    <package name="Hagalaz.Cache.Abstractions" line-rate="0" branch-rate="1" complexity="1">
      <classes>
        <class name="Hagalaz.Cache.Abstractions.Providers.Model.HuffmanCoding" filename="Hagalaz.Cache.Abstractions/Providers/Model/HuffmanCoding.cs" line-rate="0" branch-rate="1" complexity="1">
          <methods>
            <method name="get_BitSizes" signature="()" line-rate="0" branch-rate="1" complexity="1">
              <lines>
                <line number="3" hits="0" branch="False" />
              </lines>
            </method>
          </methods>
          <lines>
            <line number="3" hits="0" branch="False" />
          </lines>
        </class>
      </classes>
    </package>
    <package name="Hagalaz.Game.Abstractions" line-rate="0.0144" branch-rate="0" complexity="689">
      <classes>
        <class name="Hagalaz.Game.Abstractions.Tasks.RsAsyncTask" filename="Hagalaz.Game.Abstractions/Tasks/RsAsyncTask.cs" line-rate="0.04" branch-rate="0" complexity="20">
          <methods>
            <method name="get_IsCancelled" signature="()" line-rate="0" branch-rate="1" complexity="1">
              <lines>
                <line number="12" hits="0" branch="False" />
              </lines>
            </method>
            <method name="get_IsCompleted" signature="()" line-rate="0" branch-rate="1" complexity="1">
              <lines>
                <line number="13" hits="0" branch="False" />
              </lines>
            </method>
            <method name="get_IsFaulted" signature="()" line-rate="0" branch-rate="1" complexity="1">
              <lines>
                <line number="14" hits="0" branch="False" />
              </lines>
            </method>
            <method name="Tick" signature="()" line-rate="0" branch-rate="0" complexity="12">
              <lines>
                <line number="17" hits="0" branch="False" />
                <line number="18" hits="0" branch="True" condition-coverage="0% (0/6)">
                  <conditions>
                    <condition number="7" type="jump" coverage="0%" />
                    <condition number="15" type="jump" coverage="0%" />
                    <condition number="28" type="jump" coverage="0%" />
                  </conditions>
                </line>
                <line number="19" hits="0" branch="False" />
                <line number="20" hits="0" branch="False" />
                <line number="24" hits="0" branch="False" />
                <line number="25" hits="0" branch="True" condition-coverage="0% (0/2)">
                  <conditions>
                    <condition number="42" type="jump" coverage="0%" />
                  </conditions>
                </line>
                <line number="26" hits="0" branch="True" condition-coverage="0% (0/2)">
                  <conditions>
                    <condition number="55" type="jump" coverage="0%" />
                  </conditions>
                </line>
                <line number="27" hits="0" branch="True" condition-coverage="0% (0/2)">
                  <conditions>
                    <condition number="85" type="jump" coverage="0%" />
                  </conditions>
                </line>
                <line number="28" hits="0" branch="False" />
                <line number="29" hits="0" branch="False" />
                <line number="30" hits="0" branch="False" />
                <line number="31" hits="0" branch="False" />
                <line number="32" hits="0" branch="False" />
                <line number="34" hits="0" branch="False" />
              </lines>
            </method>
            <method name="ReleaseUnmanagedResources" signature="()" line-rate="0" branch-rate="1" complexity="1">
              <lines>
                <line number="36" hits="0" branch="False" />
              </lines>
            </method>
            <method name="Cancel" signature="()" line-rate="0" branch-rate="1" complexity="1">
              <lines>
                <line number="38" hits="0" branch="False" />
              </lines>
            </method>
            <method name="Dispose" signature="()" line-rate="0" branch-rate="1" complexity="1">
              <lines>
                <line number="41" hits="0" branch="False" />
                <line number="42" hits="0" branch="False" />
                <line number="43" hits="0" branch="False" />
                <line number="44" hits="0" branch="False" />
              </lines>
            </method>
            <method name="Finalize" signature="()" line-rate="0" branch-rate="1" complexity="1">
              <lines>
                <line number="46" hits="0" branch="False" />
              </lines>
            </method>
            <method name=".ctor" signature="(System.Func`1&lt;System.Threading.Tasks.Task&gt;)" line-rate="1" branch-rate="1" complexity="1">
              <lines>
                <line number="10" hits="2" branch="False" />
              </lines>
            </method>
          </methods>
          <lines>
            <line number="12" hits="0" branch="False" />
            <line number="13" hits="0" branch="False" />
            <line number="14" hits="0" branch="False" />
            <line number="17" hits="0" branch="False" />
            <line number="18" hits="0" branch="True" condition-coverage="0% (0/6)">
              <conditions>
                <condition number="7" type="jump" coverage="0%" />
                <condition number="15" type="jump" coverage="0%" />
                <condition number="28" type="jump" coverage="0%" />
              </conditions>
            </line>
            <line number="19" hits="0" branch="False" />
            <line number="20" hits="0" branch="False" />
            <line number="24" hits="0" branch="False" />
            <line number="25" hits="0" branch="True" condition-coverage="0% (0/2)">
              <conditions>
                <condition number="42" type="jump" coverage="0%" />
              </conditions>
            </line>
            <line number="26" hits="0" branch="True" condition-coverage="0% (0/2)">
              <conditions>
                <condition number="55" type="jump" coverage="0%" />
              </conditions>
            </line>
            <line number="27" hits="0" branch="True" condition-coverage="0% (0/2)">
              <conditions>
                <condition number="85" type="jump" coverage="0%" />
              </conditions>
            </line>
            <line number="28" hits="0" branch="False" />
            <line number="29" hits="0" branch="False" />
            <line number="30" hits="0" branch="False" />
            <line number="31" hits="0" branch="False" />
            <line number="32" hits="0" branch="False" />
            <line number="34" hits="0" branch="False" />
            <line number="36" hits="0" branch="False" />
            <line number="38" hits="0" branch="False" />
            <line number="41" hits="0" branch="False" />
            <line number="42" hits="0" branch="False" />
            <line number="43" hits="0" branch="False" />
            <line number="44" hits="0" branch="False" />
            <line number="46" hits="0" branch="False" />
            <line number="10" hits="2" branch="False" />
          </lines>
        </class>
        <class name="Hagalaz.Game.Abstractions.Tasks.RsTask`1" filename="Hagalaz.Game.Abstractions/Tasks/RsTask.cs" line-rate="0" branch-rate="0" complexity="10">
          <methods>
            <method name="Finalize" signature="()" line-rate="0" branch-rate="1" complexity="1">
              <lines>
                <line number="26" hits="0" branch="False" />
              </lines>
            </method>
            <method name="Execute" signature="()" line-rate="0" branch-rate="1" complexity="1">
              <lines>
                <line number="29" hits="0" branch="False" />
                <line number="30" hits="0" branch="False" />
                <line number="31" hits="0" branch="False" />
                <line number="32" hits="0" branch="False" />
              </lines>
            </method>
            <method name="NoopResultHandler" signature="(TResult)" line-rate="0" branch-rate="1" complexity="1">
              <lines>
                <line number="34" hits="0" branch="False" />
              </lines>
            </method>
            <method name="RegisterResultHandler" signature="(System.Action`1&lt;TResult&gt;)" line-rate="0" branch-rate="1" complexity="1">
              <lines>
                <line number="37" hits="0" branch="False" />
                <line number="38" hits="0" branch="False" />
                <line number="39" hits="0" branch="False" />
                <line number="40" hits="0" branch="False" />
                <line number="41" hits="0" branch="False" />
                <line number="42" hits="0" branch="False" />
                <line number="43" hits="0" branch="False" />
                <line number="44" hits="0" branch="False" />
              </lines>
            </method>
            <method name="ReleaseUnmanagedResources" signature="()" line-rate="0" branch-rate="1" complexity="1">
              <lines>
                <line number="47" hits="0" branch="False" />
                <line number="48" hits="0" branch="False" />
                <line number="49" hits="0" branch="False" />
                <line number="50" hits="0" branch="False" />
              </lines>
            </method>
            <method name="Dispose" signature="()" line-rate="0" branch-rate="1" complexity="1">
              <lines>
                <line number="53" hits="0" branch="False" />
                <line number="54" hits="0" branch="False" />
                <line number="55" hits="0" branch="False" />
                <line number="56" hits="0" branch="False" />
              </lines>
            </method>
            <method name=".ctor" signature="(System.Func`1&lt;TResult&gt;,System.Int32,System.Action`1&lt;TResult&gt;)" line-rate="0" branch-rate="0" complexity="4">
              <lines>
                <line number="19" hits="0" branch="False" />
                <line number="20" hits="0" branch="False" />
                <line number="21" hits="0" branch="False" />
                <line number="22" hits="0" branch="True" condition-coverage="0% (0/4)">
                  <conditions>
                    <condition number="18" type="jump" coverage="0%" />
                    <condition number="27" type="jump" coverage="0%" />
                  </conditions>
                </line>
                <line number="23" hits="0" branch="False" />
                <line number="24" hits="0" branch="False" />
              </lines>
            </method>
          </methods>
          <lines>
            <line number="26" hits="0" branch="False" />
            <line number="29" hits="0" branch="False" />
            <line number="30" hits="0" branch="False" />
            <line number="31" hits="0" branch="False" />
            <line number="32" hits="0" branch="False" />
            <line number="34" hits="0" branch="False" />
            <line number="37" hits="0" branch="False" />
            <line number="38" hits="0" branch="False" />
            <line number="39" hits="0" branch="False" />
            <line number="40" hits="0" branch="False" />
            <line number="41" hits="0" branch="False" />
            <line number="42" hits="0" branch="False" />
            <line number="43" hits="0" branch="False" />
            <line number="44" hits="0" branch="False" />
            <line number="47" hits="0" branch="False" />
            <line number="48" hits="0" branch="False" />
            <line number="49" hits="0" branch="False" />
            <line number="50" hits="0" branch="False" />
            <line number="53" hits="0" branch="False" />
            <line number="54" hits="0" branch="False" />
            <line number="55" hits="0" branch="False" />
            <line number="56" hits="0" branch="False" />
            <line number="19" hits="0" branch="False" />
            <line number="20" hits="0" branch="False" />
            <line number="21" hits="0" branch="False" />
            <line number="22" hits="0" branch="True" condition-coverage="0% (0/4)">
              <conditions>
                <condition number="18" type="jump" coverage="0%" />
                <condition number="27" type="jump" coverage="0%" />
              </conditions>
            </line>
            <line number="23" hits="0" branch="False" />
            <line number="24" hits="0" branch="False" />
          </lines>
        </class>
        <class name="Hagalaz.Game.Abstractions.Tasks.RsTask" filename="Hagalaz.Game.Abstractions/Tasks/RsTask.cs" line-rate="0.1578" branch-rate="0" complexity="21">
          <methods>
            <method name="get_ExecuteDelay" signature="()" line-rate="1" branch-rate="1" complexity="1">
              <lines>
                <line number="73" hits="1" branch="False" />
              </lines>
            </method>
            <method name="get_IsCancelled" signature="()" line-rate="0" branch-rate="1" complexity="1">
              <lines>
                <line number="78" hits="0" branch="False" />
              </lines>
            </method>
            <method name="get_IsCompleted" signature="()" line-rate="0" branch-rate="1" complexity="1">
              <lines>
                <line number="82" hits="0" branch="False" />
              </lines>
            </method>
            <method name="get_IsFaulted" signature="()" line-rate="0" branch-rate="1" complexity="1">
              <lines>
                <line number="86" hits="0" branch="False" />
              </lines>
            </method>
            <method name="Tick" signature="()" line-rate="0" branch-rate="0" complexity="8">
              <lines>
                <line number="111" hits="0" branch="False" />
                <line number="112" hits="0" branch="True" condition-coverage="0% (0/6)">
                  <conditions>
                    <condition number="7" type="jump" coverage="0%" />
                    <condition number="15" type="jump" coverage="0%" />
                    <condition number="28" type="jump" coverage="0%" />
                  </conditions>
                </line>
                <line number="113" hits="0" branch="False" />
                <line number="114" hits="0" branch="False" />
                <line number="117" hits="0" branch="True" condition-coverage="0% (0/2)">
                  <conditions>
                    <condition number="56" type="jump" coverage="0%" />
                  </conditions>
                </line>
                <line number="118" hits="0" branch="False" />
                <line number="119" hits="0" branch="False" />
                <line number="123" hits="0" branch="False" />
                <line number="124" hits="0" branch="False" />
                <line number="125" hits="0" branch="False" />
                <line number="126" hits="0" branch="False" />
                <line number="127" hits="0" branch="False" />
                <line number="128" hits="0" branch="False" />
                <line number="129" hits="0" branch="False" />
                <line number="131" hits="0" branch="False" />
              </lines>
            </method>
            <method name="Cancel" signature="()" line-rate="0" branch-rate="1" complexity="1">
              <lines>
                <line number="136" hits="0" branch="False" />
              </lines>
            </method>
            <method name="Execute" signature="()" line-rate="0" branch-rate="1" complexity="1">
              <lines>
                <line number="139" hits="0" branch="False" />
                <line number="140" hits="0" branch="False" />
                <line number="141" hits="0" branch="False" />
                <line number="142" hits="0" branch="False" />
              </lines>
            </method>
            <method name="Complete" signature="()" line-rate="0" branch-rate="1" complexity="1">
              <lines>
                <line number="144" hits="0" branch="False" />
              </lines>
            </method>
            <method name="ReleaseUnmanagedResources" signature="()" line-rate="0" branch-rate="1" complexity="1">
              <lines>
                <line number="146" hits="0" branch="False" />
              </lines>
            </method>
            <method name="Dispose" signature="()" line-rate="0" branch-rate="1" complexity="1">
              <lines>
                <line number="149" hits="0" branch="False" />
                <line number="150" hits="0" branch="False" />
                <line number="151" hits="0" branch="False" />
                <line number="152" hits="0" branch="False" />
              </lines>
            </method>
            <method name="Finalize" signature="()" line-rate="0" branch-rate="1" complexity="1">
              <lines>
                <line number="154" hits="0" branch="False" />
              </lines>
            </method>
            <method name="NoopExecuteHandler" signature="()" line-rate="0" branch-rate="1" complexity="1">
              <lines>
                <line number="156" hits="0" branch="False" />
              </lines>
            </method>
            <method name=".ctor" signature="(System.Action,System.Int32)" line-rate="1" branch-rate="1" complexity="1">
              <lines>
                <line number="93" hits="1" branch="False" />
                <line number="94" hits="1" branch="False" />
                <line number="95" hits="1" branch="False" />
                <line number="96" hits="1" branch="False" />
                <line number="97" hits="1" branch="False" />
              </lines>
            </method>
            <method name=".ctor" signature="()" line-rate="0" branch-rate="1" complexity="1">
              <lines>
                <line number="105" hits="0" branch="False" />
              </lines>
            </method>
          </methods>
          <lines>
            <line number="73" hits="1" branch="False" />
            <line number="78" hits="0" branch="False" />
            <line number="82" hits="0" branch="False" />
            <line number="86" hits="0" branch="False" />
            <line number="111" hits="0" branch="False" />
            <line number="112" hits="0" branch="True" condition-coverage="0% (0/6)">
              <conditions>
                <condition number="7" type="jump" coverage="0%" />
                <condition number="15" type="jump" coverage="0%" />
                <condition number="28" type="jump" coverage="0%" />
              </conditions>
            </line>
            <line number="113" hits="0" branch="False" />
            <line number="114" hits="0" branch="False" />
            <line number="117" hits="0" branch="True" condition-coverage="0% (0/2)">
              <conditions>
                <condition number="56" type="jump" coverage="0%" />
              </conditions>
            </line>
            <line number="118" hits="0" branch="False" />
            <line number="119" hits="0" branch="False" />
            <line number="123" hits="0" branch="False" />
            <line number="124" hits="0" branch="False" />
            <line number="125" hits="0" branch="False" />
            <line number="126" hits="0" branch="False" />
            <line number="127" hits="0" branch="False" />
            <line number="128" hits="0" branch="False" />
            <line number="129" hits="0" branch="False" />
            <line number="131" hits="0" branch="False" />
            <line number="136" hits="0" branch="False" />
            <line number="139" hits="0" branch="False" />
            <line number="140" hits="0" branch="False" />
            <line number="141" hits="0" branch="False" />
            <line number="142" hits="0" branch="False" />
            <line number="144" hits="0" branch="False" />
            <line number="146" hits="0" branch="False" />
            <line number="149" hits="0" branch="False" />
            <line number="150" hits="0" branch="False" />
            <line number="151" hits="0" branch="False" />
            <line number="152" hits="0" branch="False" />
            <line number="154" hits="0" branch="False" />
            <line number="156" hits="0" branch="False" />
            <line number="93" hits="1" branch="False" />
            <line number="94" hits="1" branch="False" />
            <line number="95" hits="1" branch="False" />
            <line number="96" hits="1" branch="False" />
            <line number="97" hits="1" branch="False" />
            <line number="105" hits="0" branch="False" />
          </lines>
        </class>
        <class name="Hagalaz.Game.Abstractions.Tasks.RsTaskHandle`1" filename="Hagalaz.Game.Abstractions/Tasks/RsTaskHandle.cs" line-rate="0" branch-rate="1" complexity="2">
          <methods>
            <method name="RegisterResultHandler" signature="(System.Action`1&lt;TResult&gt;)" line-rate="0" branch-rate="1" complexity="1">
              <lines>
                <line number="11" hits="0" branch="False" />
              </lines>
            </method>
            <method name=".ctor" signature="(Hagalaz.Game.Abstractions.Tasks.ITaskItem`1&lt;TResult&gt;)" line-rate="0" branch-rate="1" complexity="1">
              <lines>
                <line number="9" hits="0" branch="False" />
              </lines>
            </method>
          </methods>
          <lines>
            <line number="11" hits="0" branch="False" />
            <line number="9" hits="0" branch="False" />
          </lines>
        </class>
        <class name="Hagalaz.Game.Abstractions.Tasks.RsTaskHandle" filename="Hagalaz.Game.Abstractions/Tasks/RsTaskHandle.cs" line-rate="0" branch-rate="1" complexity="2">
          <methods>
            <method name="Cancel" signature="()" line-rate="0" branch-rate="1" complexity="1">
              <lines>
                <line number="20" hits="0" branch="False" />
              </lines>
            </method>
            <method name=".ctor" signature="(Hagalaz.Game.Abstractions.Tasks.ITaskItem)" line-rate="0" branch-rate="1" complexity="1">
              <lines>
                <line number="18" hits="0" branch="False" />
              </lines>
            </method>
          </methods>
          <lines>
            <line number="20" hits="0" branch="False" />
            <line number="18" hits="0" branch="False" />
          </lines>
        </class>
        <class name="Hagalaz.Game.Abstractions.Tasks.RsTickTask" filename="Hagalaz.Game.Abstractions/Tasks/RsTickTask.cs" line-rate="0" branch-rate="0" complexity="19">
          <methods>
            <method name="get_TickCount" signature="()" line-rate="0" branch-rate="1" complexity="1">
              <lines>
                <line number="19" hits="0" branch="False" />
              </lines>
            </method>
            <method name="get_IsCancelled" signature="()" line-rate="0" branch-rate="1" complexity="1">
              <lines>
                <line number="23" hits="0" branch="False" />
              </lines>
            </method>
            <method name="get_IsFaulted" signature="()" line-rate="0" branch-rate="1" complexity="1">
              <lines>
                <line number="27" hits="0" branch="False" />
              </lines>
            </method>
            <method name="get_IsCompleted" signature="()" line-rate="0" branch-rate="1" complexity="1">
              <lines>
                <line number="32" hits="0" branch="False" />
              </lines>
            </method>
            <method name="Tick" signature="()" line-rate="0" branch-rate="0" complexity="8">
              <lines>
                <line number="52" hits="0" branch="False" />
                <line number="53" hits="0" branch="True" condition-coverage="0% (0/6)">
                  <conditions>
                    <condition number="7" type="jump" coverage="0%" />
                    <condition number="15" type="jump" coverage="0%" />
                    <condition number="28" type="jump" coverage="0%" />
                  </conditions>
                </line>
                <line number="54" hits="0" branch="False" />
                <line number="55" hits="0" branch="False" />
                <line number="59" hits="0" branch="False" />
                <line number="60" hits="0" branch="False" />
                <line number="61" hits="0" branch="True" condition-coverage="0% (0/2)">
                  <conditions>
                    <condition number="59" type="jump" coverage="0%" />
                  </conditions>
                </line>
                <line number="62" hits="0" branch="False" />
                <line number="63" hits="0" branch="False" />
                <line number="64" hits="0" branch="False" />
                <line number="65" hits="0" branch="False" />
                <line number="66" hits="0" branch="False" />
                <line number="68" hits="0" branch="False" />
              </lines>
            </method>
            <method name="Reset" signature="()" line-rate="0" branch-rate="1" complexity="1">
              <lines>
                <line number="73" hits="0" branch="False" />
              </lines>
            </method>
            <method name="Cancel" signature="()" line-rate="0" branch-rate="1" complexity="1">
              <lines>
                <line number="78" hits="0" branch="False" />
              </lines>
            </method>
            <method name="ReleaseUnmanagedResources" signature="()" line-rate="0" branch-rate="1" complexity="1">
              <lines>
                <line number="80" hits="0" branch="False" />
              </lines>
            </method>
            <method name="Dispose" signature="()" line-rate="0" branch-rate="1" complexity="1">
              <lines>
                <line number="83" hits="0" branch="False" />
                <line number="84" hits="0" branch="False" />
                <line number="85" hits="0" branch="False" />
                <line number="86" hits="0" branch="False" />
              </lines>
            </method>
            <method name="Finalize" signature="()" line-rate="0" branch-rate="1" complexity="1">
              <lines>
                <line number="88" hits="0" branch="False" />
              </lines>
            </method>
            <method name=".ctor" signature="(System.Action)" line-rate="0" branch-rate="1" complexity="1">
              <lines>
                <line number="38" hits="0" branch="False" />
              </lines>
            </method>
            <method name=".ctor" signature="()" line-rate="0" branch-rate="1" complexity="1">
              <lines>
                <line number="46" hits="0" branch="False" />
              </lines>
            </method>
          </methods>
          <lines>
            <line number="19" hits="0" branch="False" />
            <line number="23" hits="0" branch="False" />
            <line number="27" hits="0" branch="False" />
            <line number="32" hits="0" branch="False" />
            <line number="52" hits="0" branch="False" />
            <line number="53" hits="0" branch="True" condition-coverage="0% (0/6)">
              <conditions>
                <condition number="7" type="jump" coverage="0%" />
                <condition number="15" type="jump" coverage="0%" />
                <condition number="28" type="jump" coverage="0%" />
              </conditions>
            </line>
            <line number="54" hits="0" branch="False" />
            <line number="55" hits="0" branch="False" />
            <line number="59" hits="0" branch="False" />
            <line number="60" hits="0" branch="False" />
            <line number="61" hits="0" branch="True" condition-coverage="0% (0/2)">
              <conditions>
                <condition number="59" type="jump" coverage="0%" />
              </conditions>
            </line>
            <line number="62" hits="0" branch="False" />
            <line number="63" hits="0" branch="False" />
            <line number="64" hits="0" branch="False" />
            <line number="65" hits="0" branch="False" />
            <line number="66" hits="0" branch="False" />
            <line number="68" hits="0" branch="False" />
            <line number="73" hits="0" branch="False" />
            <line number="78" hits="0" branch="False" />
            <line number="80" hits="0" branch="False" />
            <line number="83" hits="0" branch="False" />
            <line number="84" hits="0" branch="False" />
            <line number="85" hits="0" branch="False" />
            <line number="86" hits="0" branch="False" />
            <line number="88" hits="0" branch="False" />
            <line number="38" hits="0" branch="False" />
            <line number="46" hits="0" branch="False" />
          </lines>
        </class>
        <class name="Hagalaz.Game.Abstractions.Services.Model.CombatSpellDto" filename="Hagalaz.Game.Abstractions/Services/Model/CombatSpellDto.cs" line-rate="0" branch-rate="1" complexity="11">
          <methods>
            <method name="get_ButtonId" signature="()" line-rate="0" branch-rate="1" complexity="1">
              <lines>
                <line number="13" hits="0" branch="False" />
              </lines>
            </method>
            <method name="get_BaseDamage" signature="()" line-rate="0" branch-rate="1" complexity="1">
              <lines>
                <line number="18" hits="0" branch="False" />
              </lines>
            </method>
            <method name="get_RequiredLevel" signature="()" line-rate="0" branch-rate="1" complexity="1">
              <lines>
                <line number="23" hits="0" branch="False" />
              </lines>
            </method>
            <method name="get_RequiredRunes" signature="()" line-rate="0" branch-rate="1" complexity="1">
              <lines>
                <line number="28" hits="0" branch="False" />
              </lines>
            </method>
            <method name="get_RequiredRunesCounts" signature="()" line-rate="0" branch-rate="1" complexity="1">
              <lines>
                <line number="33" hits="0" branch="False" />
              </lines>
            </method>
            <method name="get_BaseExperience" signature="()" line-rate="0" branch-rate="1" complexity="1">
              <lines>
                <line number="38" hits="0" branch="False" />
              </lines>
            </method>
            <method name="get_CastAnimationId" signature="()" line-rate="0" branch-rate="1" complexity="1">
              <lines>
                <line number="43" hits="0" branch="False" />
              </lines>
            </method>
            <method name="get_CastGraphicId" signature="()" line-rate="0" branch-rate="1" complexity="1">
              <lines>
                <line number="48" hits="0" branch="False" />
              </lines>
            </method>
            <method name="get_EndGraphicId" signature="()" line-rate="0" branch-rate="1" complexity="1">
              <lines>
                <line number="53" hits="0" branch="False" />
              </lines>
            </method>
            <method name="get_ProjectileId" signature="()" line-rate="0" branch-rate="1" complexity="1">
              <lines>
                <line number="58" hits="0" branch="False" />
              </lines>
            </method>
            <method name="get_AutoCastConfig" signature="()" line-rate="0" branch-rate="1" complexity="1">
              <lines>
                <line number="63" hits="0" branch="False" />
              </lines>
            </method>
          </methods>
          <lines>
            <line number="13" hits="0" branch="False" />
            <line number="18" hits="0" branch="False" />
            <line number="23" hits="0" branch="False" />
            <line number="28" hits="0" branch="False" />
            <line number="33" hits="0" branch="False" />
            <line number="38" hits="0" branch="False" />
            <line number="43" hits="0" branch="False" />
            <line number="48" hits="0" branch="False" />
            <line number="53" hits="0" branch="False" />
            <line number="58" hits="0" branch="False" />
            <line number="63" hits="0" branch="False" />
          </lines>
        </class>
        <class name="Hagalaz.Game.Abstractions.Services.Model.EnchantingSpellDto" filename="Hagalaz.Game.Abstractions/Services/Model/EnchantingSpellDto.cs" line-rate="0" branch-rate="1" complexity="6">
          <methods>
            <method name="get_ButtonId" signature="()" line-rate="0" branch-rate="1" complexity="1">
              <lines>
                <line number="14" hits="0" branch="False" />
              </lines>
            </method>
            <method name="get_RequiredRunes" signature="()" line-rate="0" branch-rate="1" complexity="1">
              <lines>
                <line number="19" hits="0" branch="False" />
              </lines>
            </method>
            <method name="get_RequiredRunesCounts" signature="()" line-rate="0" branch-rate="1" complexity="1">
              <lines>
                <line number="24" hits="0" branch="False" />
              </lines>
            </method>
            <method name="get_RequiredLevel" signature="()" line-rate="0" branch-rate="1" complexity="1">
              <lines>
                <line number="29" hits="0" branch="False" />
              </lines>
            </method>
            <method name="get_Experience" signature="()" line-rate="0" branch-rate="1" complexity="1">
              <lines>
                <line number="36" hits="0" branch="False" />
              </lines>
            </method>
            <method name="get_GraphicId" signature="()" line-rate="0" branch-rate="1" complexity="1">
              <lines>
                <line number="44" hits="0" branch="False" />
              </lines>
            </method>
          </methods>
          <lines>
            <line number="14" hits="0" branch="False" />
            <line number="19" hits="0" branch="False" />
            <line number="24" hits="0" branch="False" />
            <line number="29" hits="0" branch="False" />
            <line number="36" hits="0" branch="False" />
            <line number="44" hits="0" branch="False" />
          </lines>
        </class>
        <class name="Hagalaz.Game.Abstractions.Services.Model.EnchantingSpellProductDto" filename="Hagalaz.Game.Abstractions/Services/Model/EnchantingSpellProductDto.cs" line-rate="0" branch-rate="1" complexity="3">
          <methods>
            <method name="get_ResourceId" signature="()" line-rate="0" branch-rate="1" complexity="1">
              <lines>
                <line number="5" hits="0" branch="False" />
              </lines>
            </method>
            <method name="get_ButtonId" signature="()" line-rate="0" branch-rate="1" complexity="1">
              <lines>
                <line number="6" hits="0" branch="False" />
              </lines>
            </method>
            <method name="get_ProductId" signature="()" line-rate="0" branch-rate="1" complexity="1">
              <lines>
                <line number="7" hits="0" branch="False" />
              </lines>
            </method>
          </methods>
          <lines>
            <line number="5" hits="0" branch="False" />
            <line number="6" hits="0" branch="False" />
            <line number="7" hits="0" branch="False" />
          </lines>
        </class>
        <class name="Hagalaz.Game.Abstractions.Services.Model.FoodDto" filename="Hagalaz.Game.Abstractions/Services/Model/FoodDto.cs" line-rate="0" branch-rate="1" complexity="4">
          <methods>
            <method name="get_ItemId" signature="()" line-rate="0" branch-rate="1" complexity="1">
              <lines>
                <line number="11" hits="0" branch="False" />
              </lines>
            </method>
            <method name="get_HealAmount" signature="()" line-rate="0" branch-rate="1" complexity="1">
              <lines>
                <line number="16" hits="0" branch="False" />
              </lines>
            </method>
            <method name="get_LeftItemId" signature="()" line-rate="0" branch-rate="1" complexity="1">
              <lines>
                <line number="21" hits="0" branch="False" />
              </lines>
            </method>
            <method name="get_EatingTime" signature="()" line-rate="0" branch-rate="1" complexity="1">
              <lines>
                <line number="26" hits="0" branch="False" />
              </lines>
            </method>
          </methods>
          <lines>
            <line number="11" hits="0" branch="False" />
            <line number="16" hits="0" branch="False" />
            <line number="21" hits="0" branch="False" />
            <line number="26" hits="0" branch="False" />
          </lines>
        </class>
        <class name="Hagalaz.Game.Abstractions.Services.Model.GameObjectUpdate" filename="Hagalaz.Game.Abstractions/Services/Model/GameObjectUpdate.cs" line-rate="0" branch-rate="1" complexity="3">
          <methods>
            <method name="get_Instance" signature="()" line-rate="0" branch-rate="1" complexity="1">
              <lines>
                <line number="7" hits="0" branch="False" />
              </lines>
            </method>
            <method name="get_Id" signature="()" line-rate="0" branch-rate="1" complexity="1">
              <lines>
                <line number="8" hits="0" branch="False" />
              </lines>
            </method>
            <method name="get_Rotation" signature="()" line-rate="0" branch-rate="1" complexity="1">
              <lines>
                <line number="9" hits="0" branch="False" />
              </lines>
            </method>
          </methods>
          <lines>
            <line number="7" hits="0" branch="False" />
            <line number="8" hits="0" branch="False" />
            <line number="9" hits="0" branch="False" />
          </lines>
        </class>
        <class name="Hagalaz.Game.Abstractions.Services.Model.LodestoneDto" filename="Hagalaz.Game.Abstractions/Services/Model/LodestoneDto.cs" line-rate="0" branch-rate="1" complexity="6">
          <methods>
            <method name="get_GameObjectId" signature="()" line-rate="0" branch-rate="1" complexity="1">
              <lines>
                <line number="13" hits="0" branch="False" />
              </lines>
            </method>
            <method name="get_ComponentId" signature="()" line-rate="0" branch-rate="1" complexity="1">
              <lines>
                <line number="18" hits="0" branch="False" />
              </lines>
            </method>
            <method name="get_State" signature="()" line-rate="0" branch-rate="1" complexity="1">
              <lines>
                <line number="23" hits="0" branch="False" />
              </lines>
            </method>
            <method name="get_CoordX" signature="()" line-rate="0" branch-rate="1" complexity="1">
              <lines>
                <line number="28" hits="0" branch="False" />
              </lines>
            </method>
            <method name="get_CoordY" signature="()" line-rate="0" branch-rate="1" complexity="1">
              <lines>
                <line number="33" hits="0" branch="False" />
              </lines>
            </method>
            <method name="get_CoordZ" signature="()" line-rate="0" branch-rate="1" complexity="1">
              <lines>
                <line number="38" hits="0" branch="False" />
              </lines>
            </method>
          </methods>
          <lines>
            <line number="13" hits="0" branch="False" />
            <line number="18" hits="0" branch="False" />
            <line number="23" hits="0" branch="False" />
            <line number="28" hits="0" branch="False" />
            <line number="33" hits="0" branch="False" />
            <line number="38" hits="0" branch="False" />
          </lines>
        </class>
        <class name="Hagalaz.Game.Abstractions.Services.Model.MusicDto" filename="Hagalaz.Game.Abstractions/Services/Model/MusicDto.cs" line-rate="0" branch-rate="1" complexity="3">
          <methods>
            <method name="get_Id" signature="()" line-rate="0" branch-rate="1" complexity="1">
              <lines>
                <line number="5" hits="0" branch="False" />
              </lines>
            </method>
            <method name="get_Name" signature="()" line-rate="0" branch-rate="1" complexity="1">
              <lines>
                <line number="6" hits="0" branch="False" />
              </lines>
            </method>
            <method name="get_Hint" signature="()" line-rate="0" branch-rate="1" complexity="1">
              <lines>
                <line number="7" hits="0" branch="False" />
              </lines>
            </method>
          </methods>
          <lines>
            <line number="5" hits="0" branch="False" />
            <line number="6" hits="0" branch="False" />
            <line number="7" hits="0" branch="False" />
          </lines>
        </class>
        <class name="Hagalaz.Game.Abstractions.Services.Model.PotionDto" filename="Hagalaz.Game.Abstractions/Services/Model/PotionDto.cs" line-rate="0" branch-rate="1" complexity="1">
          <methods>
            <method name="get_PotionId" signature="()" line-rate="0" branch-rate="1" complexity="1">
              <lines>
                <line number="3" hits="0" branch="False" />
              </lines>
            </method>
          </methods>
          <lines>
            <line number="3" hits="0" branch="False" />
          </lines>
        </class>
        <class name="Hagalaz.Game.Abstractions.Services.Model.RawFoodDto" filename="Hagalaz.Game.Abstractions/Services/Model/RawFoodDto.cs" line-rate="0" branch-rate="1" complexity="6">
          <methods>
            <method name="get_ItemId" signature="()" line-rate="0" branch-rate="1" complexity="1">
              <lines>
                <line number="11" hits="0" branch="False" />
              </lines>
            </method>
            <method name="get_CookedItemId" signature="()" line-rate="0" branch-rate="1" complexity="1">
              <lines>
                <line number="16" hits="0" branch="False" />
              </lines>
            </method>
            <method name="get_BurntItemId" signature="()" line-rate="0" branch-rate="1" complexity="1">
              <lines>
                <line number="21" hits="0" branch="False" />
              </lines>
            </method>
            <method name="get_RequiredLevel" signature="()" line-rate="0" branch-rate="1" complexity="1">
              <lines>
                <line number="26" hits="0" branch="False" />
              </lines>
            </method>
            <method name="get_StopBurningLevel" signature="()" line-rate="0" branch-rate="1" complexity="1">
              <lines>
                <line number="31" hits="0" branch="False" />
              </lines>
            </method>
            <method name="get_Experience" signature="()" line-rate="0" branch-rate="1" complexity="1">
              <lines>
                <line number="36" hits="0" branch="False" />
              </lines>
            </method>
          </methods>
          <lines>
            <line number="11" hits="0" branch="False" />
            <line number="16" hits="0" branch="False" />
            <line number="21" hits="0" branch="False" />
            <line number="26" hits="0" branch="False" />
            <line number="31" hits="0" branch="False" />
            <line number="36" hits="0" branch="False" />
          </lines>
        </class>
        <class name="Hagalaz.Game.Abstractions.Services.Model.RockDto" filename="Hagalaz.Game.Abstractions/Services/Model/RockDto.cs" line-rate="0" branch-rate="1" complexity="3">
          <methods>
            <method name="get_RockId" signature="()" line-rate="0" branch-rate="1" complexity="1">
              <lines>
                <line number="5" hits="0" branch="False" />
              </lines>
            </method>
            <method name="get_ExhaustRockId" signature="()" line-rate="0" branch-rate="1" complexity="1">
              <lines>
                <line number="6" hits="0" branch="False" />
              </lines>
            </method>
            <method name="get_OreId" signature="()" line-rate="0" branch-rate="1" complexity="1">
              <lines>
                <line number="7" hits="0" branch="False" />
              </lines>
            </method>
          </methods>
          <lines>
            <line number="5" hits="0" branch="False" />
            <line number="6" hits="0" branch="False" />
            <line number="7" hits="0" branch="False" />
          </lines>
        </class>
        <class name="Hagalaz.Game.Abstractions.Services.Model.RunecraftingDto" filename="Hagalaz.Game.Abstractions/Services/Model/RunecraftingDto.cs" line-rate="0" branch-rate="1" complexity="13">
          <methods>
            <method name="get_AltarId" signature="()" line-rate="0" branch-rate="1" complexity="1">
              <lines>
                <line number="13" hits="0" branch="False" />
              </lines>
            </method>
            <method name="get_RuinId" signature="()" line-rate="0" branch-rate="1" complexity="1">
              <lines>
                <line number="18" hits="0" branch="False" />
              </lines>
            </method>
            <method name="get_PortalId" signature="()" line-rate="0" branch-rate="1" complexity="1">
              <lines>
                <line number="23" hits="0" branch="False" />
              </lines>
            </method>
            <method name="get_RiftId" signature="()" line-rate="0" branch-rate="1" complexity="1">
              <lines>
                <line number="30" hits="0" branch="False" />
              </lines>
            </method>
            <method name="get_RuneId" signature="()" line-rate="0" branch-rate="1" complexity="1">
              <lines>
                <line number="38" hits="0" branch="False" />
              </lines>
            </method>
            <method name="get_TalismanId" signature="()" line-rate="0" branch-rate="1" complexity="1">
              <lines>
                <line number="46" hits="0" branch="False" />
              </lines>
            </method>
            <method name="get_TiaraId" signature="()" line-rate="0" branch-rate="1" complexity="1">
              <lines>
                <line number="54" hits="0" branch="False" />
              </lines>
            </method>
            <method name="get_RequiredLevel" signature="()" line-rate="0" branch-rate="1" complexity="1">
              <lines>
                <line number="60" hits="0" branch="False" />
              </lines>
            </method>
            <method name="get_Experience" signature="()" line-rate="0" branch-rate="1" complexity="1">
              <lines>
                <line number="65" hits="0" branch="False" />
              </lines>
            </method>
            <method name="get_LevelCountMultipliers" signature="()" line-rate="0" branch-rate="1" complexity="1">
              <lines>
                <line number="70" hits="0" branch="False" />
              </lines>
            </method>
            <method name="get_AltarLocation" signature="()" line-rate="0" branch-rate="1" complexity="1">
              <lines>
                <line number="75" hits="0" branch="False" />
              </lines>
            </method>
            <method name="get_RuinLocation" signature="()" line-rate="0" branch-rate="1" complexity="1">
              <lines>
                <line number="80" hits="0" branch="False" />
              </lines>
            </method>
            <method name="get_RiftLocation" signature="()" line-rate="0" branch-rate="1" complexity="1">
              <lines>
                <line number="85" hits="0" branch="False" />
              </lines>
            </method>
          </methods>
          <lines>
            <line number="13" hits="0" branch="False" />
            <line number="18" hits="0" branch="False" />
            <line number="23" hits="0" branch="False" />
            <line number="30" hits="0" branch="False" />
            <line number="38" hits="0" branch="False" />
            <line number="46" hits="0" branch="False" />
            <line number="54" hits="0" branch="False" />
            <line number="60" hits="0" branch="False" />
            <line number="65" hits="0" branch="False" />
            <line number="70" hits="0" branch="False" />
            <line number="75" hits="0" branch="False" />
            <line number="80" hits="0" branch="False" />
            <line number="85" hits="0" branch="False" />
          </lines>
        </class>
        <class name="Hagalaz.Game.Abstractions.Services.Model.SummoningDto" filename="Hagalaz.Game.Abstractions/Services/Model/SummoningDto.cs" line-rate="0" branch-rate="1" complexity="10">
          <methods>
            <method name="get_NpcId" signature="()" line-rate="0" branch-rate="1" complexity="1">
              <lines>
                <line number="11" hits="0" branch="False" />
              </lines>
            </method>
            <method name="get_PouchId" signature="()" line-rate="0" branch-rate="1" complexity="1">
              <lines>
                <line number="16" hits="0" branch="False" />
              </lines>
            </method>
            <method name="get_ScrollId" signature="()" line-rate="0" branch-rate="1" complexity="1">
              <lines>
                <line number="21" hits="0" branch="False" />
              </lines>
            </method>
            <method name="get_ConfigId" signature="()" line-rate="0" branch-rate="1" complexity="1">
              <lines>
                <line number="26" hits="0" branch="False" />
              </lines>
            </method>
            <method name="get_SummonSpawnCost" signature="()" line-rate="0" branch-rate="1" complexity="1">
              <lines>
                <line number="31" hits="0" branch="False" />
              </lines>
            </method>
            <method name="get_SummonLevel" signature="()" line-rate="0" branch-rate="1" complexity="1">
              <lines>
                <line number="36" hits="0" branch="False" />
              </lines>
            </method>
            <method name="get_SummonExperience" signature="()" line-rate="0" branch-rate="1" complexity="1">
              <lines>
                <line number="41" hits="0" branch="False" />
              </lines>
            </method>
            <method name="get_CreatePouchExperience" signature="()" line-rate="0" branch-rate="1" complexity="1">
              <lines>
                <line number="46" hits="0" branch="False" />
              </lines>
            </method>
            <method name="get_ScrollExperience" signature="()" line-rate="0" branch-rate="1" complexity="1">
              <lines>
                <line number="51" hits="0" branch="False" />
              </lines>
            </method>
            <method name="get_Ticks" signature="()" line-rate="0" branch-rate="1" complexity="1">
              <lines>
                <line number="56" hits="0" branch="False" />
              </lines>
            </method>
          </methods>
          <lines>
            <line number="11" hits="0" branch="False" />
            <line number="16" hits="0" branch="False" />
            <line number="21" hits="0" branch="False" />
            <line number="26" hits="0" branch="False" />
            <line number="31" hits="0" branch="False" />
            <line number="36" hits="0" branch="False" />
            <line number="41" hits="0" branch="False" />
            <line number="46" hits="0" branch="False" />
            <line number="51" hits="0" branch="False" />
            <line number="56" hits="0" branch="False" />
          </lines>
        </class>
        <class name="Hagalaz.Game.Abstractions.Services.Model.TreeDto" filename="Hagalaz.Game.Abstractions/Services/Model/TreeDto.cs" line-rate="0" branch-rate="1" complexity="2">
          <methods>
            <method name="get_Id" signature="()" line-rate="0" branch-rate="1" complexity="1">
              <lines>
                <line number="5" hits="0" branch="False" />
              </lines>
            </method>
            <method name="get_StumpId" signature="()" line-rate="0" branch-rate="1" complexity="1">
              <lines>
                <line number="6" hits="0" branch="False" />
              </lines>
            </method>
          </methods>
          <lines>
            <line number="5" hits="0" branch="False" />
            <line number="6" hits="0" branch="False" />
          </lines>
        </class>
        <class name="Hagalaz.Game.Abstractions.Services.Model.WaveDto" filename="Hagalaz.Game.Abstractions/Services/Model/WaveDto.cs" line-rate="0" branch-rate="1" complexity="2">
          <methods>
            <method name="get_WaveId" signature="()" line-rate="0" branch-rate="1" complexity="1">
              <lines>
                <line number="15" hits="0" branch="False" />
              </lines>
            </method>
            <method name="get_Npcs" signature="()" line-rate="0" branch-rate="1" complexity="1">
              <lines>
                <line number="20" hits="0" branch="False" />
              </lines>
            </method>
          </methods>
          <lines>
            <line number="15" hits="0" branch="False" />
            <line number="20" hits="0" branch="False" />
          </lines>
        </class>
        <class name="Hagalaz.Game.Abstractions.Services.Model.WaveDto/NpcWaveDto" filename="Hagalaz.Game.Abstractions/Services/Model/WaveDto.cs" line-rate="0" branch-rate="1" complexity="1">
          <methods>
            <method name="get_NpcId" signature="()" line-rate="0" branch-rate="1" complexity="1">
              <lines>
                <line number="10" hits="0" branch="False" />
              </lines>
            </method>
          </methods>
          <lines>
            <line number="10" hits="0" branch="False" />
          </lines>
        </class>
        <class name="Hagalaz.Game.Abstractions.Model.Animation" filename="Hagalaz.Game.Abstractions/Model/Animation.cs" line-rate="0" branch-rate="0" complexity="18">
          <methods>
            <method name="get_Id" signature="()" line-rate="0" branch-rate="1" complexity="1">
              <lines>
                <line number="13" hits="0" branch="False" />
              </lines>
            </method>
            <method name="get_Delay" signature="()" line-rate="0" branch-rate="1" complexity="1">
              <lines>
                <line number="18" hits="0" branch="False" />
              </lines>
            </method>
            <method name="get_Priority" signature="()" line-rate="0" branch-rate="1" complexity="1">
              <lines>
                <line number="26" hits="0" branch="False" />
              </lines>
            </method>
            <method name="Create" signature="(System.Int32,System.Int32,System.Int32)" line-rate="0" branch-rate="0" complexity="6">
              <lines>
                <line number="54" hits="0" branch="False" />
                <line number="55" hits="0" branch="True" condition-coverage="0% (0/6)">
                  <conditions>
                    <condition number="3" type="jump" coverage="0%" />
                    <condition number="6" type="jump" coverage="0%" />
                    <condition number="17" type="jump" coverage="0%" />
                  </conditions>
                </line>
                <line number="56" hits="0" branch="False" />
                <line number="57" hits="0" branch="False" />
                <line number="59" hits="0" branch="False" />
                <line number="60" hits="0" branch="False" />
              </lines>
            </method>
            <method name="Equals" signature="(Hagalaz.Game.Abstractions.Model.Animation)" line-rate="0" branch-rate="0" complexity="2">
              <lines>
                <line number="66" hits="0" branch="True" condition-coverage="0% (0/2)">
                  <conditions>
                    <condition number="13" type="jump" coverage="0%" />
                  </conditions>
                </line>
              </lines>
            </method>
            <method name="Equals" signature="(System.Object)" line-rate="0" branch-rate="0" complexity="2">
              <lines>
                <line number="68" hits="0" branch="True" condition-coverage="0% (0/2)">
                  <conditions>
                    <condition number="6" type="jump" coverage="0%" />
                  </conditions>
                </line>
              </lines>
            </method>
            <method name="GetHashCode" signature="()" line-rate="0" branch-rate="1" complexity="1">
              <lines>
                <line number="70" hits="0" branch="False" />
              </lines>
            </method>
            <method name="op_Equality" signature="(Hagalaz.Game.Abstractions.Model.Animation,Hagalaz.Game.Abstractions.Model.Animation)" line-rate="0" branch-rate="1" complexity="1">
              <lines>
                <line number="72" hits="0" branch="False" />
              </lines>
            </method>
            <method name="op_Inequality" signature="(Hagalaz.Game.Abstractions.Model.Animation,Hagalaz.Game.Abstractions.Model.Animation)" line-rate="0" branch-rate="1" complexity="1">
              <lines>
                <line number="74" hits="0" branch="False" />
              </lines>
            </method>
            <method name=".ctor" signature="(System.Int32,System.Int32,System.Int32)" line-rate="0" branch-rate="1" complexity="1">
              <lines>
                <line number="35" hits="0" branch="False" />
                <line number="36" hits="0" branch="False" />
                <line number="37" hits="0" branch="False" />
                <line number="38" hits="0" branch="False" />
                <line number="39" hits="0" branch="False" />
              </lines>
            </method>
            <method name=".cctor" signature="()" line-rate="0" branch-rate="1" complexity="1">
              <lines>
                <line number="44" hits="0" branch="False" />
              </lines>
            </method>
          </methods>
          <lines>
            <line number="13" hits="0" branch="False" />
            <line number="18" hits="0" branch="False" />
            <line number="26" hits="0" branch="False" />
            <line number="54" hits="0" branch="False" />
            <line number="55" hits="0" branch="True" condition-coverage="0% (0/6)">
              <conditions>
                <condition number="3" type="jump" coverage="0%" />
                <condition number="6" type="jump" coverage="0%" />
                <condition number="17" type="jump" coverage="0%" />
              </conditions>
            </line>
            <line number="56" hits="0" branch="False" />
            <line number="57" hits="0" branch="False" />
            <line number="59" hits="0" branch="False" />
            <line number="60" hits="0" branch="False" />
            <line number="66" hits="0" branch="True" condition-coverage="0% (0/2)">
              <conditions>
                <condition number="13" type="jump" coverage="0%" />
              </conditions>
            </line>
            <line number="68" hits="0" branch="True" condition-coverage="0% (0/2)">
              <conditions>
                <condition number="6" type="jump" coverage="0%" />
              </conditions>
            </line>
            <line number="70" hits="0" branch="False" />
            <line number="72" hits="0" branch="False" />
            <line number="74" hits="0" branch="False" />
            <line number="35" hits="0" branch="False" />
            <line number="36" hits="0" branch="False" />
            <line number="37" hits="0" branch="False" />
            <line number="38" hits="0" branch="False" />
            <line number="39" hits="0" branch="False" />
            <line number="44" hits="0" branch="False" />
          </lines>
        </class>
        <class name="Hagalaz.Game.Abstractions.Model.GameCommandArgs" filename="Hagalaz.Game.Abstractions/Model/GameCommandArgs.cs" line-rate="0" branch-rate="1" complexity="3">
          <methods>
            <method name="get_Character" signature="()" line-rate="0" branch-rate="1" complexity="1">
              <lines>
                <line number="14" hits="0" branch="False" />
              </lines>
            </method>
            <method name="get_Arguments" signature="()" line-rate="0" branch-rate="1" complexity="1">
              <lines>
                <line number="19" hits="0" branch="False" />
              </lines>
            </method>
            <method name=".ctor" signature="(Hagalaz.Game.Abstractions.Model.Creatures.Characters.ICharacter,System.String[])" line-rate="0" branch-rate="1" complexity="1">
              <lines>
                <line number="26" hits="0" branch="False" />
                <line number="27" hits="0" branch="False" />
                <line number="28" hits="0" branch="False" />
                <line number="29" hits="0" branch="False" />
                <line number="30" hits="0" branch="False" />
              </lines>
            </method>
          </methods>
          <lines>
            <line number="14" hits="0" branch="False" />
            <line number="19" hits="0" branch="False" />
            <line number="26" hits="0" branch="False" />
            <line number="27" hits="0" branch="False" />
            <line number="28" hits="0" branch="False" />
            <line number="29" hits="0" branch="False" />
            <line number="30" hits="0" branch="False" />
          </lines>
        </class>
        <class name="Hagalaz.Game.Abstractions.Model.Graphic" filename="Hagalaz.Game.Abstractions/Model/Graphic.cs" line-rate="0" branch-rate="0" complexity="17">
          <methods>
            <method name="get_Id" signature="()" line-rate="0" branch-rate="1" complexity="1">
              <lines>
                <line number="14" hits="0" branch="False" />
              </lines>
            </method>
            <method name="get_Delay" signature="()" line-rate="0" branch-rate="1" complexity="1">
              <lines>
                <line number="20" hits="0" branch="False" />
              </lines>
            </method>
            <method name="get_Height" signature="()" line-rate="0" branch-rate="1" complexity="1">
              <lines>
                <line number="26" hits="0" branch="False" />
              </lines>
            </method>
            <method name="get_Rotation" signature="()" line-rate="0" branch-rate="1" complexity="1">
              <lines>
                <line number="32" hits="0" branch="False" />
              </lines>
            </method>
            <method name="Create" signature="(System.Int32,System.Int32,System.Int32,System.Int32)" line-rate="0" branch-rate="1" complexity="1">
              <lines>
                <line number="57" hits="0" branch="False" />
              </lines>
            </method>
            <method name="Equals" signature="(Hagalaz.Game.Abstractions.Model.Graphic)" line-rate="0" branch-rate="0" complexity="6">
              <lines>
                <line number="64" hits="0" branch="True" condition-coverage="0% (0/6)">
                  <conditions>
                    <condition number="13" type="jump" coverage="0%" />
                    <condition number="28" type="jump" coverage="0%" />
                    <condition number="43" type="jump" coverage="0%" />
                  </conditions>
                </line>
              </lines>
            </method>
            <method name="GetHashCode" signature="()" line-rate="0" branch-rate="1" complexity="1">
              <lines>
                <line number="66" hits="0" branch="False" />
              </lines>
            </method>
            <method name="Equals" signature="(System.Object)" line-rate="0" branch-rate="0" complexity="2">
              <lines>
                <line number="68" hits="0" branch="True" condition-coverage="0% (0/2)">
                  <conditions>
                    <condition number="6" type="jump" coverage="0%" />
                  </conditions>
                </line>
              </lines>
            </method>
            <method name="op_Equality" signature="(Hagalaz.Game.Abstractions.Model.Graphic,Hagalaz.Game.Abstractions.Model.Graphic)" line-rate="0" branch-rate="1" complexity="1">
              <lines>
                <line number="70" hits="0" branch="False" />
              </lines>
            </method>
            <method name="op_Inequality" signature="(Hagalaz.Game.Abstractions.Model.Graphic,Hagalaz.Game.Abstractions.Model.Graphic)" line-rate="0" branch-rate="1" complexity="1">
              <lines>
                <line number="72" hits="0" branch="False" />
              </lines>
            </method>
            <method name=".ctor" signature="(System.Int32,System.Int32,System.Int32,System.Int32)" line-rate="0" branch-rate="1" complexity="1">
              <lines>
                <line number="42" hits="0" branch="False" />
                <line number="43" hits="0" branch="False" />
                <line number="44" hits="0" branch="False" />
                <line number="45" hits="0" branch="False" />
                <line number="46" hits="0" branch="False" />
                <line number="47" hits="0" branch="False" />
              </lines>
            </method>
          </methods>
          <lines>
            <line number="14" hits="0" branch="False" />
            <line number="20" hits="0" branch="False" />
            <line number="26" hits="0" branch="False" />
            <line number="32" hits="0" branch="False" />
            <line number="57" hits="0" branch="False" />
            <line number="64" hits="0" branch="True" condition-coverage="0% (0/6)">
              <conditions>
                <condition number="13" type="jump" coverage="0%" />
                <condition number="28" type="jump" coverage="0%" />
                <condition number="43" type="jump" coverage="0%" />
              </conditions>
            </line>
            <line number="66" hits="0" branch="False" />
            <line number="68" hits="0" branch="True" condition-coverage="0% (0/2)">
              <conditions>
                <condition number="6" type="jump" coverage="0%" />
              </conditions>
            </line>
            <line number="70" hits="0" branch="False" />
            <line number="72" hits="0" branch="False" />
            <line number="42" hits="0" branch="False" />
            <line number="43" hits="0" branch="False" />
            <line number="44" hits="0" branch="False" />
            <line number="45" hits="0" branch="False" />
            <line number="46" hits="0" branch="False" />
            <line number="47" hits="0" branch="False" />
          </lines>
        </class>
        <class name="Hagalaz.Game.Abstractions.Model.Location" filename="Hagalaz.Game.Abstractions/Model/Location.cs" line-rate="0.1641" branch-rate="0" complexity="54">
          <methods>
            <method name="get_Dimension" signature="()" line-rate="0" branch-rate="1" complexity="1">
              <lines>
                <line number="15" hits="0" branch="False" />
              </lines>
            </method>
            <method name="get_X" signature="()" line-rate="1" branch-rate="1" complexity="1">
              <lines>
                <line number="21" hits="2" branch="False" />
              </lines>
            </method>
            <method name="get_Y" signature="()" line-rate="1" branch-rate="1" complexity="1">
              <lines>
                <line number="27" hits="2" branch="False" />
              </lines>
            </method>
            <method name="get_Z" signature="()" line-rate="1" branch-rate="1" complexity="1">
              <lines>
                <line number="33" hits="2" branch="False" />
              </lines>
            </method>
            <method name="get_RegionPartX" signature="()" line-rate="0" branch-rate="1" complexity="1">
              <lines>
                <line number="39" hits="0" branch="False" />
              </lines>
            </method>
            <method name="get_RegionPartY" signature="()" line-rate="0" branch-rate="1" complexity="1">
              <lines>
                <line number="45" hits="0" branch="False" />
              </lines>
            </method>
            <method name="get_RegionX" signature="()" line-rate="0" branch-rate="1" complexity="1">
              <lines>
                <line number="51" hits="0" branch="False" />
              </lines>
            </method>
            <method name="get_RegionY" signature="()" line-rate="0" branch-rate="1" complexity="1">
              <lines>
                <line number="57" hits="0" branch="False" />
              </lines>
            </method>
            <method name="get_RegionLocalX" signature="()" line-rate="0" branch-rate="1" complexity="1">
              <lines>
                <line number="63" hits="0" branch="False" />
              </lines>
            </method>
            <method name="get_RegionLocalY" signature="()" line-rate="0" branch-rate="1" complexity="1">
              <lines>
                <line number="69" hits="0" branch="False" />
              </lines>
            </method>
            <method name="get_RegionId" signature="()" line-rate="0" branch-rate="1" complexity="1">
              <lines>
                <line number="75" hits="0" branch="False" />
              </lines>
            </method>
            <method name="Create" signature="(System.Int32,System.Int32)" line-rate="0" branch-rate="1" complexity="1">
              <lines>
                <line number="98" hits="0" branch="False" />
              </lines>
            </method>
            <method name="Create" signature="(System.Int32,System.Int32,System.Int32)" line-rate="1" branch-rate="1" complexity="1">
              <lines>
                <line number="107" hits="2" branch="False" />
              </lines>
            </method>
            <method name="Create" signature="(System.Int32,System.Int32,System.Int32,System.Int32)" line-rate="1" branch-rate="1" complexity="1">
              <lines>
                <line number="117" hits="2" branch="False" />
              </lines>
            </method>
            <method name="Clone" signature="()" line-rate="0" branch-rate="1" complexity="1">
              <lines>
                <line number="123" hits="0" branch="False" />
              </lines>
            </method>
            <method name="Copy" signature="(System.Int32)" line-rate="0" branch-rate="1" complexity="1">
              <lines>
                <line number="130" hits="0" branch="False" />
              </lines>
            </method>
            <method name="Translate" signature="(System.Int32,System.Int32,System.Int32)" line-rate="0" branch-rate="1" complexity="1">
              <lines>
                <line number="139" hits="0" branch="False" />
              </lines>
            </method>
            <method name="GetHashCode" signature="()" line-rate="0" branch-rate="1" complexity="1">
              <lines>
                <line number="149" hits="0" branch="False" />
              </lines>
            </method>
            <method name="GetDirection" signature="(System.Int32,System.Int32)" line-rate="0" branch-rate="1" complexity="1">
              <lines>
                <line number="157" hits="0" branch="False" />
              </lines>
            </method>
            <method name="GetDirection" signature="(Hagalaz.Game.Abstractions.Model.ILocation)" line-rate="0" branch-rate="1" complexity="1">
              <lines>
                <line number="164" hits="0" branch="False" />
              </lines>
            </method>
            <method name="Equals" signature="(System.Object)" line-rate="0" branch-rate="0" complexity="2">
              <lines>
[...]
            <line number="44" hits="0" branch="False" />
            <line number="45" hits="0" branch="False" />
            <line number="46" hits="0" branch="False" />
            <line number="48" hits="0" branch="False" />
            <line number="50" hits="0" branch="False" />
            <line number="51" hits="0" branch="False" />
            <line number="53" hits="0" branch="True" condition-coverage="0% (0/2)">
              <conditions>
                <condition number="46" type="jump" coverage="0%" />
              </conditions>
            </line>
            <line number="54" hits="0" branch="False" />
            <line number="55" hits="0" branch="False" />
            <line number="58" hits="0" branch="False" />
            <line number="61" hits="0" branch="False" />
            <line number="62" hits="0" branch="False" />
            <line number="65" hits="0" branch="False" />
            <line number="66" hits="0" branch="False" />
            <line number="68" hits="0" branch="False" />
            <line number="70" hits="0" branch="False" />
            <line number="71" hits="0" branch="False" />
            <line number="74" hits="0" branch="False" />
            <line number="75" hits="0" branch="True" condition-coverage="0% (0/2)">
              <conditions>
                <condition number="12" type="jump" coverage="0%" />
              </conditions>
            </line>
            <line number="76" hits="0" branch="False" />
            <line number="77" hits="0" branch="True" condition-coverage="0% (0/2)">
              <conditions>
                <condition number="62" type="jump" coverage="0%" />
              </conditions>
            </line>
            <line number="78" hits="0" branch="False" />
            <line number="79" hits="0" branch="False" />
            <line number="80" hits="0" branch="False" />
            <line number="82" hits="0" branch="False" />
            <line number="83" hits="0" branch="False" />
            <line number="85" hits="0" branch="True" condition-coverage="0% (0/2)">
              <conditions>
                <condition number="90" type="jump" coverage="0%" />
              </conditions>
            </line>
            <line number="86" hits="0" branch="False" />
            <line number="87" hits="0" branch="False" />
            <line number="88" hits="0" branch="False" />
            <line number="89" hits="0" branch="False" />
            <line number="91" hits="0" branch="False" />
            <line number="92" hits="0" branch="False" />
            <line number="93" hits="0" branch="False" />
            <line number="96" hits="0" branch="False" />
            <line number="97" hits="0" branch="False" />
            <line number="98" hits="0" branch="False" />
            <line number="99" hits="0" branch="False" />
            <line number="102" hits="0" branch="False" />
            <line number="103" hits="0" branch="False" />
            <line number="105" hits="0" branch="True" condition-coverage="0% (0/2)">
              <conditions>
                <condition number="16" type="jump" coverage="0%" />
              </conditions>
            </line>
            <line number="106" hits="0" branch="False" />
            <line number="109" hits="0" branch="False" />
            <line number="110" hits="0" branch="False" />
            <line number="112" hits="0" branch="True" condition-coverage="0% (0/2)">
              <conditions>
                <condition number="15" type="jump" coverage="0%" />
              </conditions>
            </line>
            <line number="113" hits="0" branch="False" />
            <line number="116" hits="0" branch="False" />
            <line number="117" hits="0" branch="True" condition-coverage="0% (0/2)">
              <conditions>
                <condition number="12" type="jump" coverage="0%" />
              </conditions>
            </line>
            <line number="118" hits="0" branch="False" />
            <line number="120" hits="0" branch="False" />
            <line number="121" hits="0" branch="True" condition-coverage="0% (0/2)">
              <conditions>
                <condition number="72" type="jump" coverage="0%" />
              </conditions>
            </line>
            <line number="122" hits="0" branch="False" />
            <line number="123" hits="0" branch="False" />
            <line number="124" hits="0" branch="False" />
            <line number="125" hits="0" branch="False" />
            <line number="127" hits="0" branch="False" />
            <line number="128" hits="0" branch="False" />
            <line number="131" hits="0" branch="False" />
            <line number="132" hits="0" branch="True" condition-coverage="0% (0/4)">
              <conditions>
                <condition number="7" type="jump" coverage="0%" />
                <condition number="26" type="jump" coverage="0%" />
              </conditions>
            </line>
            <line number="133" hits="0" branch="False" />
            <line number="135" hits="0" branch="False" />
            <line number="138" hits="0" branch="False" />
            <line number="139" hits="0" branch="False" />
            <line number="143" hits="0" branch="False" />
            <line number="146" hits="0" branch="True" condition-coverage="0% (0/4)">
              <conditions>
                <condition number="8" type="jump" coverage="0%" />
                <condition number="44" type="jump" coverage="0%" />
              </conditions>
            </line>
            <line number="150" hits="0" branch="True" condition-coverage="0% (0/8)">
              <conditions>
                <condition number="81" type="jump" coverage="0%" />
                <condition number="85" type="jump" coverage="0%" />
                <condition number="89" type="jump" coverage="0%" />
                <condition number="108" type="jump" coverage="0%" />
              </conditions>
            </line>
            <line number="151" hits="0" branch="False" />
            <line number="154" hits="0" branch="False" />
            <line number="158" hits="0" branch="False" />
            <line number="159" hits="0" branch="False" />
            <line number="163" hits="0" branch="False" />
            <line number="164" hits="0" branch="True" condition-coverage="0% (0/2)">
              <conditions>
                <condition number="12" type="jump" coverage="0%" />
              </conditions>
            </line>
            <line number="165" hits="0" branch="False" />
            <line number="167" hits="0" branch="True" condition-coverage="0% (0/2)">
              <conditions>
                <condition number="26" type="jump" coverage="0%" />
              </conditions>
            </line>
            <line number="168" hits="0" branch="False" />
            <line number="169" hits="0" branch="False" />
            <line number="170" hits="0" branch="False" />
            <line number="175" hits="0" branch="False" />
            <line number="176" hits="0" branch="False" />
            <line number="179" hits="0" branch="False" />
            <line number="180" hits="0" branch="False" />
            <line number="181" hits="0" branch="False" />
            <line number="211" hits="0" branch="False" />
            <line number="212" hits="0" branch="True" condition-coverage="0% (0/2)">
              <conditions>
                <condition number="12" type="jump" coverage="0%" />
              </conditions>
            </line>
            <line number="213" hits="0" branch="False" />
            <line number="214" hits="0" branch="False" />
            <line number="217" hits="0" branch="False" />
            <line number="219" hits="0" branch="False" />
            <line number="221" hits="0" branch="True" condition-coverage="0% (0/2)">
              <conditions>
                <condition number="53" type="jump" coverage="0%" />
              </conditions>
            </line>
            <line number="222" hits="0" branch="False" />
            <line number="224" hits="0" branch="False" />
            <line number="225" hits="0" branch="True" condition-coverage="0% (0/2)">
              <conditions>
                <condition number="150" type="jump" coverage="0%" />
              </conditions>
            </line>
            <line number="226" hits="0" branch="False" />
            <line number="227" hits="0" branch="False" />
            <line number="228" hits="0" branch="False" />
            <line number="229" hits="0" branch="False" />
            <line number="230" hits="0" branch="False" />
            <line number="231" hits="0" branch="False" />
            <line number="234" hits="0" branch="False" />
            <line number="236" hits="0" branch="False" />
            <line number="237" hits="0" branch="False" />
            <line number="240" hits="0" branch="False" />
            <line number="241" hits="0" branch="False" />
            <line number="243" hits="0" branch="True" condition-coverage="0% (0/2)">
              <conditions>
                <condition number="41" type="jump" coverage="0%" />
              </conditions>
            </line>
            <line number="244" hits="0" branch="False" />
            <line number="245" hits="0" branch="False" />
            <line number="248" hits="0" branch="False" />
            <line number="250" hits="0" branch="True" condition-coverage="0% (0/2)">
              <conditions>
                <condition number="62" type="jump" coverage="0%" />
              </conditions>
            </line>
            <line number="251" hits="0" branch="False" />
            <line number="253" hits="0" branch="False" />
            <line number="254" hits="0" branch="True" condition-coverage="0% (0/2)">
              <conditions>
                <condition number="176" type="jump" coverage="0%" />
              </conditions>
            </line>
            <line number="255" hits="0" branch="False" />
            <line number="256" hits="0" branch="False" />
            <line number="257" hits="0" branch="False" />
            <line number="258" hits="0" branch="False" />
            <line number="259" hits="0" branch="False" />
            <line number="260" hits="0" branch="False" />
            <line number="263" hits="0" branch="False" />
            <line number="265" hits="0" branch="False" />
            <line number="266" hits="0" branch="False" />
            <line number="268" hits="0" branch="False" />
            <line number="269" hits="0" branch="False" />
            <line number="270" hits="0" branch="False" />
            <line number="271" hits="0" branch="False" />
            <line number="272" hits="0" branch="False" />
            <line number="275" hits="0" branch="False" />
            <line number="276" hits="0" branch="False" />
            <line number="277" hits="0" branch="False" />
            <line number="278" hits="0" branch="False" />
            <line number="281" hits="0" branch="False" />
            <line number="282" hits="0" branch="True" condition-coverage="0% (0/4)">
              <conditions>
                <condition number="7" type="jump" coverage="0%" />
                <condition number="30" type="jump" coverage="0%" />
              </conditions>
            </line>
            <line number="283" hits="0" branch="False" />
            <line number="284" hits="0" branch="False" />
            <line number="285" hits="0" branch="False" />
            <line number="287" hits="0" branch="False" />
            <line number="288" hits="0" branch="False" />
            <line number="289" hits="0" branch="False" />
            <line number="290" hits="0" branch="False" />
            <line number="292" hits="0" branch="False" />
            <line number="293" hits="0" branch="False" />
            <line number="294" hits="0" branch="False" />
            <line number="296" hits="0" branch="False" />
            <line number="297" hits="0" branch="False" />
            <line number="298" hits="0" branch="True" condition-coverage="0% (0/4)">
              <conditions>
                <condition number="14" type="jump" coverage="0%" />
                <condition number="34" type="jump" coverage="0%" />
              </conditions>
            </line>
            <line number="299" hits="0" branch="False" />
            <line number="300" hits="0" branch="False" />
            <line number="302" hits="0" branch="False" />
            <line number="303" hits="0" branch="False" />
            <line number="304" hits="0" branch="False" />
            <line number="306" hits="0" branch="False" />
            <line number="307" hits="0" branch="False" />
            <line number="308" hits="0" branch="False" />
            <line number="309" hits="0" branch="False" />
            <line number="313" hits="0" branch="False" />
            <line number="314" hits="0" branch="False" />
            <line number="315" hits="0" branch="False" />
            <line number="316" hits="0" branch="False" />
            <line number="319" hits="0" branch="False" />
            <line number="320" hits="0" branch="True" condition-coverage="0% (0/4)">
              <conditions>
                <condition number="7" type="jump" coverage="0%" />
                <condition number="38" type="jump" coverage="0%" />
              </conditions>
            </line>
            <line number="321" hits="0" branch="False" />
            <line number="322" hits="0" branch="False" />
            <line number="323" hits="0" branch="False" />
            <line number="324" hits="0" branch="False" />
            <line number="326" hits="0" branch="False" />
            <line number="327" hits="0" branch="False" />
            <line number="328" hits="0" branch="False" />
            <line number="329" hits="0" branch="False" />
            <line number="333" hits="0" branch="False" />
            <line number="334" hits="0" branch="True" condition-coverage="0% (0/2)">
              <conditions>
                <condition number="4" type="jump" coverage="0%" />
              </conditions>
            </line>
            <line number="335" hits="0" branch="False" />
            <line number="336" hits="0" branch="False" />
            <line number="337" hits="0" branch="False" />
            <line number="338" hits="0" branch="False" />
            <line number="27" hits="0" branch="False" />
          </lines>
        </class>
        <class name="Raido.Common.Buffers.MemoryBufferWriter/CompletedBuffer" filename="Raido.Common/Buffers/MemoryBufferWriter.cs" line-rate="0" branch-rate="1" complexity="5">
          <methods>
            <method name="get_Buffer" signature="()" line-rate="0" branch-rate="1" complexity="1">
              <lines>
                <line number="345" hits="0" branch="False" />
              </lines>
            </method>
            <method name="get_Length" signature="()" line-rate="0" branch-rate="1" complexity="1">
              <lines>
                <line number="346" hits="0" branch="False" />
              </lines>
            </method>
            <method name="get_Span" signature="()" line-rate="0" branch-rate="1" complexity="1">
              <lines>
                <line number="348" hits="0" branch="False" />
              </lines>
            </method>
            <method name="Return" signature="()" line-rate="0" branch-rate="1" complexity="1">
              <lines>
                <line number="356" hits="0" branch="False" />
              </lines>
            </method>
            <method name=".ctor" signature="(System.Byte[],System.Int32)" line-rate="0" branch-rate="1" complexity="1">
              <lines>
                <line number="351" hits="0" branch="False" />
                <line number="352" hits="0" branch="False" />
                <line number="353" hits="0" branch="False" />
                <line number="354" hits="0" branch="False" />
              </lines>
            </method>
          </methods>
          <lines>
            <line number="345" hits="0" branch="False" />
            <line number="346" hits="0" branch="False" />
            <line number="348" hits="0" branch="False" />
            <line number="356" hits="0" branch="False" />
            <line number="351" hits="0" branch="False" />
            <line number="352" hits="0" branch="False" />
            <line number="353" hits="0" branch="False" />
            <line number="354" hits="0" branch="False" />
          </lines>
        </class>
        <class name="Raido.Common.Buffers.MemoryBufferWriter/&lt;CopyToSlowAsync&gt;d__29" filename="Raido.Common/Buffers/MemoryBufferWriter.cs" line-rate="0" branch-rate="0" complexity="6">
          <methods>
            <method name="MoveNext" signature="()" line-rate="0" branch-rate="0" complexity="6">
              <lines>
                <line number="184" hits="0" branch="False" />
                <line number="185" hits="0" branch="True" condition-coverage="0% (0/2)">
                  <conditions>
                    <condition number="45" type="jump" coverage="0%" />
                  </conditions>
                </line>
                <line number="186" hits="0" branch="False" />
                <line number="188" hits="0" branch="False" />
                <line number="189" hits="0" branch="True" condition-coverage="0% (0/2)">
                  <conditions>
                    <condition number="317" type="jump" coverage="0%" />
                  </conditions>
                </line>
                <line number="190" hits="0" branch="False" />
                <line number="191" hits="0" branch="False" />
                <line number="193" hits="0" branch="False" />
                <line number="197" hits="0" branch="False" />
                <line number="198" hits="0" branch="False" />
                <line number="200" hits="0" branch="True" condition-coverage="0% (0/2)">
                  <conditions>
                    <condition number="344" type="jump" coverage="0%" />
                  </conditions>
                </line>
                <line number="201" hits="0" branch="False" />
                <line number="203" hits="0" branch="False" />
                <line number="207" hits="0" branch="False" />
                <line number="208" hits="0" branch="False" />
              </lines>
            </method>
          </methods>
          <lines>
            <line number="184" hits="0" branch="False" />
            <line number="185" hits="0" branch="True" condition-coverage="0% (0/2)">
              <conditions>
                <condition number="45" type="jump" coverage="0%" />
              </conditions>
            </line>
            <line number="186" hits="0" branch="False" />
            <line number="188" hits="0" branch="False" />
            <line number="189" hits="0" branch="True" condition-coverage="0% (0/2)">
              <conditions>
                <condition number="317" type="jump" coverage="0%" />
              </conditions>
            </line>
            <line number="190" hits="0" branch="False" />
            <line number="191" hits="0" branch="False" />
            <line number="193" hits="0" branch="False" />
            <line number="197" hits="0" branch="False" />
            <line number="198" hits="0" branch="False" />
            <line number="200" hits="0" branch="True" condition-coverage="0% (0/2)">
              <conditions>
                <condition number="344" type="jump" coverage="0%" />
              </conditions>
            </line>
            <line number="201" hits="0" branch="False" />
            <line number="203" hits="0" branch="False" />
            <line number="207" hits="0" branch="False" />
            <line number="208" hits="0" branch="False" />
          </lines>
        </class>
      </classes>
    </package>
  </packages>
</coverage>